mode: set
github.com/hiddeco/cronjobber/controllers/injection.go:45.107,47.2 1 0
github.com/hiddeco/cronjobber/controllers/injection.go:51.106,53.2 1 0
github.com/hiddeco/cronjobber/controllers/injection.go:61.107,62.64 1 0
github.com/hiddeco/cronjobber/controllers/injection.go:65.2,68.10 1 0
github.com/hiddeco/cronjobber/controllers/injection.go:62.64,64.3 1 0
github.com/hiddeco/cronjobber/controllers/injection.go:73.106,76.2 2 0
github.com/hiddeco/cronjobber/controllers/injection.go:104.78,106.2 1 0
github.com/hiddeco/cronjobber/controllers/injection.go:108.93,110.2 1 0
github.com/hiddeco/cronjobber/controllers/injection.go:112.144,114.2 1 0
github.com/hiddeco/cronjobber/controllers/injection.go:116.93,118.2 1 0
github.com/hiddeco/cronjobber/controllers/injection.go:120.72,123.2 2 0
github.com/hiddeco/cronjobber/controllers/injection.go:139.94,142.24 3 0
github.com/hiddeco/cronjobber/controllers/injection.go:145.2,147.17 3 0
github.com/hiddeco/cronjobber/controllers/injection.go:142.24,144.3 1 0
github.com/hiddeco/cronjobber/controllers/injection.go:150.79,153.18 3 0
github.com/hiddeco/cronjobber/controllers/injection.go:156.2,156.19 1 0
github.com/hiddeco/cronjobber/controllers/injection.go:153.18,155.3 1 0
github.com/hiddeco/cronjobber/controllers/injection.go:159.94,162.18 3 0
github.com/hiddeco/cronjobber/controllers/injection.go:165.2,166.17 2 0
github.com/hiddeco/cronjobber/controllers/injection.go:162.18,164.3 1 0
github.com/hiddeco/cronjobber/controllers/injection.go:169.145,172.18 3 0
github.com/hiddeco/cronjobber/controllers/injection.go:175.2,178.28 3 0
github.com/hiddeco/cronjobber/controllers/injection.go:172.18,174.3 1 0
github.com/hiddeco/cronjobber/controllers/injection.go:181.73,184.18 3 0
github.com/hiddeco/cronjobber/controllers/injection.go:187.2,188.12 2 0
github.com/hiddeco/cronjobber/controllers/injection.go:184.18,186.3 1 0
github.com/hiddeco/cronjobber/controllers/injection.go:191.34,197.2 5 0
github.com/hiddeco/cronjobber/controllers/tzcronjob_controller.go:77.101,81.16 3 0
github.com/hiddeco/cronjobber/controllers/tzcronjob_controller.go:85.2,86.16 2 0
github.com/hiddeco/cronjobber/controllers/tzcronjob_controller.go:89.2,95.9 5 0
github.com/hiddeco/cronjobber/controllers/tzcronjob_controller.go:106.2,107.138 2 0
github.com/hiddeco/cronjobber/controllers/tzcronjob_controller.go:112.2,114.16 2 0
github.com/hiddeco/cronjobber/controllers/tzcronjob_controller.go:126.2,126.66 1 0
github.com/hiddeco/cronjobber/controllers/tzcronjob_controller.go:131.2,131.18 1 0
github.com/hiddeco/cronjobber/controllers/tzcronjob_controller.go:138.2,138.25 1 0
github.com/hiddeco/cronjobber/controllers/tzcronjob_controller.go:145.2,146.27 2 0
github.com/hiddeco/cronjobber/controllers/tzcronjob_controller.go:81.16,83.3 1 0
github.com/hiddeco/cronjobber/controllers/tzcronjob_controller.go:86.16,88.3 1 0
github.com/hiddeco/cronjobber/controllers/tzcronjob_controller.go:96.30,99.28 2 0
github.com/hiddeco/cronjobber/controllers/tzcronjob_controller.go:100.18,103.28 2 0
github.com/hiddeco/cronjobber/controllers/tzcronjob_controller.go:107.138,110.3 2 0
github.com/hiddeco/cronjobber/controllers/tzcronjob_controller.go:114.16,116.19 2 0
github.com/hiddeco/cronjobber/controllers/tzcronjob_controller.go:123.3,123.28 1 0
github.com/hiddeco/cronjobber/controllers/tzcronjob_controller.go:116.19,117.62 1 0
github.com/hiddeco/cronjobber/controllers/tzcronjob_controller.go:117.62,120.5 2 0
github.com/hiddeco/cronjobber/controllers/tzcronjob_controller.go:126.66,128.3 1 0
github.com/hiddeco/cronjobber/controllers/tzcronjob_controller.go:131.18,132.61 1 0
github.com/hiddeco/cronjobber/controllers/tzcronjob_controller.go:132.61,135.4 2 0
github.com/hiddeco/cronjobber/controllers/tzcronjob_controller.go:138.25,144.3 2 0
github.com/hiddeco/cronjobber/controllers/tzcronjob_controller.go:150.72,153.132 1 0
github.com/hiddeco/cronjobber/controllers/tzcronjob_controller.go:171.2,175.14 1 0
github.com/hiddeco/cronjobber/controllers/tzcronjob_controller.go:153.132,158.19 3 0
github.com/hiddeco/cronjobber/controllers/tzcronjob_controller.go:162.3,162.64 1 0
github.com/hiddeco/cronjobber/controllers/tzcronjob_controller.go:167.3,167.30 1 0
github.com/hiddeco/cronjobber/controllers/tzcronjob_controller.go:158.19,160.4 1 0
github.com/hiddeco/cronjobber/controllers/tzcronjob_controller.go:162.64,164.4 1 0
github.com/hiddeco/cronjobber/controllers/tzcronjob_controller.go:168.17,170.3 1 0
github.com/hiddeco/cronjobber/controllers/tzcronjob_controller.go:181.104,187.16 5 0
github.com/hiddeco/cronjobber/controllers/tzcronjob_controller.go:192.2,193.31 2 0
github.com/hiddeco/cronjobber/controllers/tzcronjob_controller.go:235.2,235.42 1 0
github.com/hiddeco/cronjobber/controllers/tzcronjob_controller.go:258.2,258.38 1 0
github.com/hiddeco/cronjobber/controllers/tzcronjob_controller.go:265.2,265.58 1 0
github.com/hiddeco/cronjobber/controllers/tzcronjob_controller.go:270.2,271.16 2 0
github.com/hiddeco/cronjobber/controllers/tzcronjob_controller.go:278.2,279.16 2 0
github.com/hiddeco/cronjobber/controllers/tzcronjob_controller.go:285.2,285.26 1 0
github.com/hiddeco/cronjobber/controllers/tzcronjob_controller.go:295.2,296.49 2 0
github.com/hiddeco/cronjobber/controllers/tzcronjob_controller.go:299.2,299.13 1 0
github.com/hiddeco/cronjobber/controllers/tzcronjob_controller.go:312.2,316.107 1 0
github.com/hiddeco/cronjobber/controllers/tzcronjob_controller.go:321.2,321.98 1 0
github.com/hiddeco/cronjobber/controllers/tzcronjob_controller.go:336.2,336.65 1 0
github.com/hiddeco/cronjobber/controllers/tzcronjob_controller.go:350.2,351.16 2 0
github.com/hiddeco/cronjobber/controllers/tzcronjob_controller.go:355.2,356.9 2 0
github.com/hiddeco/cronjobber/controllers/tzcronjob_controller.go:368.2,381.16 3 0
github.com/hiddeco/cronjobber/controllers/tzcronjob_controller.go:385.2,390.38 5 0
github.com/hiddeco/cronjobber/controllers/tzcronjob_controller.go:187.16,190.3 2 0
github.com/hiddeco/cronjobber/controllers/tzcronjob_controller.go:193.31,197.35 3 0
github.com/hiddeco/cronjobber/controllers/tzcronjob_controller.go:197.35,200.18 3 0
github.com/hiddeco/cronjobber/controllers/tzcronjob_controller.go:204.4,204.46 1 0
github.com/hiddeco/cronjobber/controllers/tzcronjob_controller.go:209.4,209.91 1 0
github.com/hiddeco/cronjobber/controllers/tzcronjob_controller.go:200.18,203.5 2 0
github.com/hiddeco/cronjobber/controllers/tzcronjob_controller.go:204.46,207.13 3 0
github.com/hiddeco/cronjobber/controllers/tzcronjob_controller.go:214.9,214.40 1 0
github.com/hiddeco/cronjobber/controllers/tzcronjob_controller.go:214.40,219.4 4 0
github.com/hiddeco/cronjobber/controllers/tzcronjob_controller.go:219.9,219.31 1 0
github.com/hiddeco/cronjobber/controllers/tzcronjob_controller.go:219.31,222.48 2 0
github.com/hiddeco/cronjobber/controllers/tzcronjob_controller.go:226.4,226.111 1 0
github.com/hiddeco/cronjobber/controllers/tzcronjob_controller.go:222.48,225.5 2 0
github.com/hiddeco/cronjobber/controllers/tzcronjob_controller.go:226.111,229.5 2 0
github.com/hiddeco/cronjobber/controllers/tzcronjob_controller.go:235.42,237.12 2 0
github.com/hiddeco/cronjobber/controllers/tzcronjob_controller.go:244.3,245.10 2 0
github.com/hiddeco/cronjobber/controllers/tzcronjob_controller.go:237.12,239.12 2 0
github.com/hiddeco/cronjobber/controllers/tzcronjob_controller.go:246.31,251.23 3 0
github.com/hiddeco/cronjobber/controllers/tzcronjob_controller.go:252.19,254.42 2 0
github.com/hiddeco/cronjobber/controllers/tzcronjob_controller.go:258.38,263.3 2 0
github.com/hiddeco/cronjobber/controllers/tzcronjob_controller.go:265.58,268.3 2 0
github.com/hiddeco/cronjobber/controllers/tzcronjob_controller.go:271.16,276.3 2 0
github.com/hiddeco/cronjobber/controllers/tzcronjob_controller.go:279.16,284.3 2 0
github.com/hiddeco/cronjobber/controllers/tzcronjob_controller.go:285.26,293.3 3 0
github.com/hiddeco/cronjobber/controllers/tzcronjob_controller.go:296.49,298.3 1 0
github.com/hiddeco/cronjobber/controllers/tzcronjob_controller.go:299.13,311.3 3 0
github.com/hiddeco/cronjobber/controllers/tzcronjob_controller.go:316.107,320.3 3 0
github.com/hiddeco/cronjobber/controllers/tzcronjob_controller.go:321.98,335.3 3 0
github.com/hiddeco/cronjobber/controllers/tzcronjob_controller.go:336.65,337.43 1 0
github.com/hiddeco/cronjobber/controllers/tzcronjob_controller.go:337.43,341.18 3 0
github.com/hiddeco/cronjobber/controllers/tzcronjob_controller.go:344.4,344.46 1 0
github.com/hiddeco/cronjobber/controllers/tzcronjob_controller.go:347.4,347.23 1 0
github.com/hiddeco/cronjobber/controllers/tzcronjob_controller.go:341.18,343.5 1 0
github.com/hiddeco/cronjobber/controllers/tzcronjob_controller.go:344.46,346.5 1 0
github.com/hiddeco/cronjobber/controllers/tzcronjob_controller.go:351.16,354.3 2 0
github.com/hiddeco/cronjobber/controllers/tzcronjob_controller.go:357.68,357.68 0 0
github.com/hiddeco/cronjobber/controllers/tzcronjob_controller.go:358.35,361.41 2 0
github.com/hiddeco/cronjobber/controllers/tzcronjob_controller.go:362.18,365.41 2 0
github.com/hiddeco/cronjobber/controllers/tzcronjob_controller.go:381.16,384.3 2 0
github.com/hiddeco/cronjobber/controllers/tzcronjob_controller.go:393.83,395.2 1 0
github.com/hiddeco/cronjobber/controllers/tzcronjob_controller.go:398.97,402.62 2 0
github.com/hiddeco/cronjobber/controllers/tzcronjob_controller.go:407.2,408.13 2 0
github.com/hiddeco/cronjobber/controllers/tzcronjob_controller.go:402.62,405.3 2 0
github.com/hiddeco/cronjobber/controllers/tzcronjob_controller.go:410.69,412.2 1 0
github.com/hiddeco/cronjobber/controllers/tzcronjob_controller.go:416.133,418.88 1 0
github.com/hiddeco/cronjobber/controllers/tzcronjob_controller.go:422.2,426.31 4 0
github.com/hiddeco/cronjobber/controllers/tzcronjob_controller.go:435.2,438.41 1 0
github.com/hiddeco/cronjobber/controllers/tzcronjob_controller.go:442.2,445.37 1 0
github.com/hiddeco/cronjobber/controllers/tzcronjob_controller.go:449.2,449.21 1 0
github.com/hiddeco/cronjobber/controllers/tzcronjob_controller.go:418.88,420.3 1 0
github.com/hiddeco/cronjobber/controllers/tzcronjob_controller.go:426.31,428.58 2 0
github.com/hiddeco/cronjobber/controllers/tzcronjob_controller.go:428.58,430.4 1 0
github.com/hiddeco/cronjobber/controllers/tzcronjob_controller.go:430.9,430.63 1 0
github.com/hiddeco/cronjobber/controllers/tzcronjob_controller.go:430.63,432.4 1 0
github.com/hiddeco/cronjobber/controllers/tzcronjob_controller.go:438.41,440.3 1 0
github.com/hiddeco/cronjobber/controllers/tzcronjob_controller.go:445.37,447.3 1 0
github.com/hiddeco/cronjobber/controllers/tzcronjob_controller.go:452.99,453.40 1 0
github.com/hiddeco/cronjobber/controllers/tzcronjob_controller.go:458.2,458.18 1 0
github.com/hiddeco/cronjobber/controllers/tzcronjob_controller.go:453.40,454.105 1 0
github.com/hiddeco/cronjobber/controllers/tzcronjob_controller.go:454.105,456.4 1 0
github.com/hiddeco/cronjobber/controllers/tzcronjob_controller.go:462.121,466.22 4 0
github.com/hiddeco/cronjobber/controllers/tzcronjob_controller.go:469.2,471.35 3 0
github.com/hiddeco/cronjobber/controllers/tzcronjob_controller.go:476.2,476.21 1 0
github.com/hiddeco/cronjobber/controllers/tzcronjob_controller.go:466.22,468.3 1 0
github.com/hiddeco/cronjobber/controllers/tzcronjob_controller.go:471.35,472.43 1 0
github.com/hiddeco/cronjobber/controllers/tzcronjob_controller.go:472.43,474.4 1 0
github.com/hiddeco/cronjobber/controllers/utils.go:19.73,20.40 1 0
github.com/hiddeco/cronjobber/controllers/utils.go:25.2,25.18 1 0
github.com/hiddeco/cronjobber/controllers/utils.go:20.40,21.105 1 0
github.com/hiddeco/cronjobber/controllers/utils.go:21.105,23.4 1 0
github.com/hiddeco/cronjobber/controllers/utils.go:29.41,32.2 2 0
github.com/hiddeco/cronjobber/controllers/utils.go:34.72,35.37 1 0
github.com/hiddeco/cronjobber/controllers/utils.go:40.2,40.14 1 0
github.com/hiddeco/cronjobber/controllers/utils.go:35.37,36.19 1 0
github.com/hiddeco/cronjobber/controllers/utils.go:36.19,38.4 1 0
github.com/hiddeco/cronjobber/controllers/utils.go:43.76,44.15 1 0
github.com/hiddeco/cronjobber/controllers/utils.go:49.2,50.37 2 0
github.com/hiddeco/cronjobber/controllers/utils.go:55.2,55.30 1 0
github.com/hiddeco/cronjobber/controllers/utils.go:44.15,46.3 1 0
github.com/hiddeco/cronjobber/controllers/utils.go:50.37,51.19 1 0
github.com/hiddeco/cronjobber/controllers/utils.go:51.19,53.4 1 0
github.com/hiddeco/cronjobber/controllers/utils.go:62.118,66.39 2 0
github.com/hiddeco/cronjobber/controllers/utils.go:77.2,77.44 1 0
github.com/hiddeco/cronjobber/controllers/utils.go:85.2,85.29 1 0
github.com/hiddeco/cronjobber/controllers/utils.go:89.2,91.35 2 0
github.com/hiddeco/cronjobber/controllers/utils.go:112.2,112.15 1 0
github.com/hiddeco/cronjobber/controllers/utils.go:66.39,68.3 1 0
github.com/hiddeco/cronjobber/controllers/utils.go:68.8,76.3 1 0
github.com/hiddeco/cronjobber/controllers/utils.go:77.44,81.45 2 0
github.com/hiddeco/cronjobber/controllers/utils.go:81.45,83.4 1 0
github.com/hiddeco/cronjobber/controllers/utils.go:85.29,87.3 1 0
github.com/hiddeco/cronjobber/controllers/utils.go:91.35,111.3 1 0
github.com/hiddeco/cronjobber/controllers/utils.go:120.83,123.2 2 0
github.com/hiddeco/cronjobber/controllers/utils.go:127.122,131.20 3 0
github.com/hiddeco/cronjobber/controllers/utils.go:134.2,134.20 1 0
github.com/hiddeco/cronjobber/controllers/utils.go:141.2,142.33 2 0
github.com/hiddeco/cronjobber/controllers/utils.go:145.2,148.41 4 0
github.com/hiddeco/cronjobber/controllers/utils.go:131.20,133.3 1 0
github.com/hiddeco/cronjobber/controllers/utils.go:134.20,136.3 1 0
github.com/hiddeco/cronjobber/controllers/utils.go:142.33,144.3 1 0
github.com/hiddeco/cronjobber/controllers/utils.go:153.84,154.31 1 0
github.com/hiddeco/cronjobber/controllers/utils.go:159.2,159.14 1 0
github.com/hiddeco/cronjobber/controllers/utils.go:154.31,155.57 1 0
github.com/hiddeco/cronjobber/controllers/utils.go:155.57,157.4 1 0
github.com/hiddeco/cronjobber/controllers/utils.go:163.58,165.2 1 0
github.com/hiddeco/cronjobber/controllers/utils.go:170.136,189.74 6 0
github.com/hiddeco/cronjobber/controllers/utils.go:193.2,193.17 1 0
github.com/hiddeco/cronjobber/controllers/utils.go:189.74,191.3 1 0
github.com/hiddeco/cronjobber/controllers/utils.go:195.63,197.36 2 0
github.com/hiddeco/cronjobber/controllers/utils.go:200.2,200.10 1 0
github.com/hiddeco/cronjobber/controllers/utils.go:197.36,199.3 1 0
github.com/hiddeco/cronjobber/controllers/utils.go:203.68,205.41 2 0
github.com/hiddeco/cronjobber/controllers/utils.go:208.2,208.10 1 0
github.com/hiddeco/cronjobber/controllers/utils.go:205.41,207.3 1 0
github.com/hiddeco/cronjobber/controllers/utils.go:214.44,214.61 1 0
github.com/hiddeco/cronjobber/controllers/utils.go:215.44,215.71 1 0
github.com/hiddeco/cronjobber/controllers/utils.go:217.49,218.66 1 0
github.com/hiddeco/cronjobber/controllers/utils.go:221.2,221.66 1 0
github.com/hiddeco/cronjobber/controllers/utils.go:224.2,224.56 1 0
github.com/hiddeco/cronjobber/controllers/utils.go:227.2,227.60 1 0
github.com/hiddeco/cronjobber/controllers/utils.go:218.66,220.3 1 0
github.com/hiddeco/cronjobber/controllers/utils.go:221.66,223.3 1 0
github.com/hiddeco/cronjobber/controllers/utils.go:224.56,226.3 1 0
github.com/hiddeco/cronjobber/controllers/utils.go:230.80,231.28 1 0
github.com/hiddeco/cronjobber/controllers/utils.go:235.2,236.16 2 0
github.com/hiddeco/cronjobber/controllers/utils.go:240.2,240.32 1 0
github.com/hiddeco/cronjobber/controllers/utils.go:231.28,233.3 1 0
github.com/hiddeco/cronjobber/controllers/utils.go:236.16,238.3 1 0
